C:\USERS\7\DOCUMENTS\VISUAL STUDIO 2012\PROJECT\RULETKA_PROJEKT\LAB_JIPP_2\DEBUG\EVENODD.OBJ
C:\USERS\7\DOCUMENTS\VISUAL STUDIO 2012\PROJECT\RULETKA_PROJEKT\LAB_JIPP_2\DEBUG\FIRST18.OBJ
C:\USERS\7\DOCUMENTS\VISUAL STUDIO 2012\PROJECT\RULETKA_PROJEKT\LAB_JIPP_2\DEBUG\GRAWRULETKE.OBJ
C:\USERS\7\DOCUMENTS\VISUAL STUDIO 2012\PROJECT\RULETKA_PROJEKT\LAB_JIPP_2\DEBUG\MAIN.OBJ
C:\USERS\7\DOCUMENTS\VISUAL STUDIO 2012\PROJECT\RULETKA_PROJEKT\LAB_JIPP_2\DEBUG\RANDPRO.OBJ
C:\USERS\7\DOCUMENTS\VISUAL STUDIO 2012\PROJECT\RULETKA_PROJEKT\LAB_JIPP_2\DEBUG\REDBLACK.OBJ
C:\USERS\7\DOCUMENTS\VISUAL STUDIO 2012\PROJECT\RULETKA_PROJEKT\LAB_JIPP_2\DEBUG\RULETKA.OBJ
C:\USERS\7\DOCUMENTS\VISUAL STUDIO 2012\PROJECT\RULETKA_PROJEKT\LAB_JIPP_2\DEBUG\SECOND18.OBJ
C:\USERS\7\DOCUMENTS\VISUAL STUDIO 2012\PROJECT\RULETKA_PROJEKT\LAB_JIPP_2\DEBUG\WYNIKRULETKI.OBJ
C:\USERS\7\DOCUMENTS\VISUAL STUDIO 2012\PROJECT\RULETKA_PROJEKT\LAB_JIPP_2\DEBUG\ZAKLAD.OBJ
C:\USERS\7\DOCUMENTS\VISUAL STUDIO 2012\PROJECT\RULETKA_PROJEKT\LAB_JIPP_2\DEBUG\VC110.PDB
C:\USERS\7\DOCUMENTS\VISUAL STUDIO 2012\PROJECT\RULETKA_PROJEKT\LAB_JIPP_2\DEBUG\DOZENBET.OBJ
C:\USERS\7\DOCUMENTS\VISUAL STUDIO 2012\PROJECT\RULETKA_PROJEKT\LAB_JIPP_2\DEBUG\STRAIGTHUP.OBJ
C:\USERS\7\DOCUMENTS\VISUAL STUDIO 2012\PROJECT\RULETKA_PROJEKT\LAB_JIPP_2\DEBUG\SPLIT.OBJ
C:\USERS\7\DOCUMENTS\VISUAL STUDIO 2012\PROJECT\RULETKA_PROJEKT\LAB_JIPP_2\DEBUG\1ST18__2ND18.OBJ
C:\USERS\7\DOCUMENTS\VISUAL STUDIO 2012\PROJECT\RULETKA_PROJEKT\LAB_JIPP_2\DEBUG\STREETBET.OBJ
C:\USERS\7\DOCUMENTS\VISUAL STUDIO 2012\PROJECT\RULETKA_PROJEKT\LAB_JIPP_2\DEBUG\CORNERBET.OBJ
C:\USERS\7\DOCUMENTS\VISUAL STUDIO 2012\PROJECT\RULETKA_PROJEKT\LAB_JIPP_2\DEBUG\COLUMNBET.OBJ
C:\USERS\7\DOCUMENTS\VISUAL STUDIO 2012\PROJECT\RULETKA_PROJEKT\DEBUG\LAB_JIPP_2.ILK
C:\USERS\7\DOCUMENTS\VISUAL STUDIO 2012\PROJECT\RULETKA_PROJEKT\DEBUG\LAB_JIPP_2.EXE
C:\USERS\7\DOCUMENTS\VISUAL STUDIO 2012\PROJECT\RULETKA_PROJEKT\DEBUG\LAB_JIPP_2.PDB
C:\Users\7\Documents\Visual Studio 2012\Project\Ruletka_projekt\Lab_JiPP_2\Debug\1st18__2nd18.obj
C:\Users\7\Documents\Visual Studio 2012\Project\Ruletka_projekt\Lab_JiPP_2\Debug\ColumnBet.obj
C:\Users\7\Documents\Visual Studio 2012\Project\Ruletka_projekt\Lab_JiPP_2\Debug\CornerBet.obj
C:\Users\7\Documents\Visual Studio 2012\Project\Ruletka_projekt\Lab_JiPP_2\Debug\DozenBet.obj
C:\Users\7\Documents\Visual Studio 2012\Project\Ruletka_projekt\Lab_JiPP_2\Debug\EvenOdd.obj
C:\Users\7\Documents\Visual Studio 2012\Project\Ruletka_projekt\Lab_JiPP_2\Debug\First18.obj
C:\Users\7\Documents\Visual Studio 2012\Project\Ruletka_projekt\Lab_JiPP_2\Debug\GraWRuletke.obj
C:\Users\7\Documents\Visual Studio 2012\Project\Ruletka_projekt\Lab_JiPP_2\Debug\main.obj
C:\Users\7\Documents\Visual Studio 2012\Project\Ruletka_projekt\Lab_JiPP_2\Debug\RandPro.obj
C:\Users\7\Documents\Visual Studio 2012\Project\Ruletka_projekt\Lab_JiPP_2\Debug\RedBlack.obj
C:\Users\7\Documents\Visual Studio 2012\Project\Ruletka_projekt\Lab_JiPP_2\Debug\Ruletka.obj
C:\Users\7\Documents\Visual Studio 2012\Project\Ruletka_projekt\Lab_JiPP_2\Debug\Second18.obj
C:\Users\7\Documents\Visual Studio 2012\Project\Ruletka_projekt\Lab_JiPP_2\Debug\Split.obj
C:\Users\7\Documents\Visual Studio 2012\Project\Ruletka_projekt\Lab_JiPP_2\Debug\StraigthUp.obj
C:\Users\7\Documents\Visual Studio 2012\Project\Ruletka_projekt\Lab_JiPP_2\Debug\StreetBet.obj
C:\Users\7\Documents\Visual Studio 2012\Project\Ruletka_projekt\Lab_JiPP_2\Debug\WynikRuletki.obj
C:\Users\7\Documents\Visual Studio 2012\Project\Ruletka_projekt\Lab_JiPP_2\Debug\Zaklad.obj
C:\Users\7\Documents\Visual Studio 2012\Project\Ruletka_projekt\Lab_JiPP_2\Debug\cl.command.1.tlog
C:\Users\7\Documents\Visual Studio 2012\Project\Ruletka_projekt\Lab_JiPP_2\Debug\CL.read.1.tlog
C:\Users\7\Documents\Visual Studio 2012\Project\Ruletka_projekt\Lab_JiPP_2\Debug\CL.write.1.tlog
C:\Users\7\Documents\Visual Studio 2012\Project\Ruletka_projekt\Lab_JiPP_2\Debug\link-cvtres.read.1.tlog
C:\Users\7\Documents\Visual Studio 2012\Project\Ruletka_projekt\Lab_JiPP_2\Debug\link-cvtres.write.1.tlog
C:\Users\7\Documents\Visual Studio 2012\Project\Ruletka_projekt\Lab_JiPP_2\Debug\link-rc.read.1.tlog
C:\Users\7\Documents\Visual Studio 2012\Project\Ruletka_projekt\Lab_JiPP_2\Debug\link-rc.write.1.tlog
C:\Users\7\Documents\Visual Studio 2012\Project\Ruletka_projekt\Lab_JiPP_2\Debug\link.4844-cvtres.read.1.tlog
C:\Users\7\Documents\Visual Studio 2012\Project\Ruletka_projekt\Lab_JiPP_2\Debug\link.4844-cvtres.write.1.tlog
C:\Users\7\Documents\Visual Studio 2012\Project\Ruletka_projekt\Lab_JiPP_2\Debug\link.4844-rc.read.1.tlog
C:\Users\7\Documents\Visual Studio 2012\Project\Ruletka_projekt\Lab_JiPP_2\Debug\link.4844-rc.write.1.tlog
C:\Users\7\Documents\Visual Studio 2012\Project\Ruletka_projekt\Lab_JiPP_2\Debug\link.4844.read.1.tlog
C:\Users\7\Documents\Visual Studio 2012\Project\Ruletka_projekt\Lab_JiPP_2\Debug\link.4844.write.1.tlog
C:\Users\7\Documents\Visual Studio 2012\Project\Ruletka_projekt\Lab_JiPP_2\Debug\link.5204-cvtres.read.1.tlog
C:\Users\7\Documents\Visual Studio 2012\Project\Ruletka_projekt\Lab_JiPP_2\Debug\link.5204-cvtres.write.1.tlog
C:\Users\7\Documents\Visual Studio 2012\Project\Ruletka_projekt\Lab_JiPP_2\Debug\link.5204-rc.read.1.tlog
C:\Users\7\Documents\Visual Studio 2012\Project\Ruletka_projekt\Lab_JiPP_2\Debug\link.5204-rc.write.1.tlog
C:\Users\7\Documents\Visual Studio 2012\Project\Ruletka_projekt\Lab_JiPP_2\Debug\link.5204.read.1.tlog
C:\Users\7\Documents\Visual Studio 2012\Project\Ruletka_projekt\Lab_JiPP_2\Debug\link.5204.write.1.tlog
C:\Users\7\Documents\Visual Studio 2012\Project\Ruletka_projekt\Lab_JiPP_2\Debug\link.6216-cvtres.read.1.tlog
C:\Users\7\Documents\Visual Studio 2012\Project\Ruletka_projekt\Lab_JiPP_2\Debug\link.6216-cvtres.write.1.tlog
C:\Users\7\Documents\Visual Studio 2012\Project\Ruletka_projekt\Lab_JiPP_2\Debug\link.6216-rc.read.1.tlog
C:\Users\7\Documents\Visual Studio 2012\Project\Ruletka_projekt\Lab_JiPP_2\Debug\link.6216-rc.write.1.tlog
C:\Users\7\Documents\Visual Studio 2012\Project\Ruletka_projekt\Lab_JiPP_2\Debug\link.6216.read.1.tlog
C:\Users\7\Documents\Visual Studio 2012\Project\Ruletka_projekt\Lab_JiPP_2\Debug\link.6216.write.1.tlog
C:\Users\7\Documents\Visual Studio 2012\Project\Ruletka_projekt\Lab_JiPP_2\Debug\link.6456-cvtres.read.1.tlog
C:\Users\7\Documents\Visual Studio 2012\Project\Ruletka_projekt\Lab_JiPP_2\Debug\link.6456-cvtres.write.1.tlog
C:\Users\7\Documents\Visual Studio 2012\Project\Ruletka_projekt\Lab_JiPP_2\Debug\link.6456-rc.read.1.tlog
C:\Users\7\Documents\Visual Studio 2012\Project\Ruletka_projekt\Lab_JiPP_2\Debug\link.6456-rc.write.1.tlog
C:\Users\7\Documents\Visual Studio 2012\Project\Ruletka_projekt\Lab_JiPP_2\Debug\link.6456.read.1.tlog
C:\Users\7\Documents\Visual Studio 2012\Project\Ruletka_projekt\Lab_JiPP_2\Debug\link.6456.write.1.tlog
C:\Users\7\Documents\Visual Studio 2012\Project\Ruletka_projekt\Lab_JiPP_2\Debug\link.8372-cvtres.read.1.tlog
C:\Users\7\Documents\Visual Studio 2012\Project\Ruletka_projekt\Lab_JiPP_2\Debug\link.8372-cvtres.write.1.tlog
C:\Users\7\Documents\Visual Studio 2012\Project\Ruletka_projekt\Lab_JiPP_2\Debug\link.8372-rc.read.1.tlog
C:\Users\7\Documents\Visual Studio 2012\Project\Ruletka_projekt\Lab_JiPP_2\Debug\link.8372-rc.write.1.tlog
C:\Users\7\Documents\Visual Studio 2012\Project\Ruletka_projekt\Lab_JiPP_2\Debug\link.8372.read.1.tlog
C:\Users\7\Documents\Visual Studio 2012\Project\Ruletka_projekt\Lab_JiPP_2\Debug\link.8372.write.1.tlog
C:\Users\7\Documents\Visual Studio 2012\Project\Ruletka_projekt\Lab_JiPP_2\Debug\link.9028-cvtres.read.1.tlog
C:\Users\7\Documents\Visual Studio 2012\Project\Ruletka_projekt\Lab_JiPP_2\Debug\link.9028-cvtres.write.1.tlog
C:\Users\7\Documents\Visual Studio 2012\Project\Ruletka_projekt\Lab_JiPP_2\Debug\link.9028-rc.read.1.tlog
C:\Users\7\Documents\Visual Studio 2012\Project\Ruletka_projekt\Lab_JiPP_2\Debug\link.9028-rc.write.1.tlog
C:\Users\7\Documents\Visual Studio 2012\Project\Ruletka_projekt\Lab_JiPP_2\Debug\link.9028.read.1.tlog
C:\Users\7\Documents\Visual Studio 2012\Project\Ruletka_projekt\Lab_JiPP_2\Debug\link.9028.write.1.tlog
C:\Users\7\Documents\Visual Studio 2012\Project\Ruletka_projekt\Lab_JiPP_2\Debug\link.9176-cvtres.read.1.tlog
C:\Users\7\Documents\Visual Studio 2012\Project\Ruletka_projekt\Lab_JiPP_2\Debug\link.9176-cvtres.write.1.tlog
C:\Users\7\Documents\Visual Studio 2012\Project\Ruletka_projekt\Lab_JiPP_2\Debug\link.9176-rc.read.1.tlog
C:\Users\7\Documents\Visual Studio 2012\Project\Ruletka_projekt\Lab_JiPP_2\Debug\link.9176-rc.write.1.tlog
C:\Users\7\Documents\Visual Studio 2012\Project\Ruletka_projekt\Lab_JiPP_2\Debug\link.9176.read.1.tlog
C:\Users\7\Documents\Visual Studio 2012\Project\Ruletka_projekt\Lab_JiPP_2\Debug\link.9176.write.1.tlog
C:\Users\7\Documents\Visual Studio 2012\Project\Ruletka_projekt\Lab_JiPP_2\Debug\link.9652-cvtres.read.1.tlog
C:\Users\7\Documents\Visual Studio 2012\Project\Ruletka_projekt\Lab_JiPP_2\Debug\link.9652-cvtres.write.1.tlog
C:\Users\7\Documents\Visual Studio 2012\Project\Ruletka_projekt\Lab_JiPP_2\Debug\link.9652-rc.read.1.tlog
C:\Users\7\Documents\Visual Studio 2012\Project\Ruletka_projekt\Lab_JiPP_2\Debug\link.9652-rc.write.1.tlog
C:\Users\7\Documents\Visual Studio 2012\Project\Ruletka_projekt\Lab_JiPP_2\Debug\link.9652.read.1.tlog
C:\Users\7\Documents\Visual Studio 2012\Project\Ruletka_projekt\Lab_JiPP_2\Debug\link.9652.write.1.tlog
C:\Users\7\Documents\Visual Studio 2012\Project\Ruletka_projekt\Lab_JiPP_2\Debug\link.command.1.tlog
C:\Users\7\Documents\Visual Studio 2012\Project\Ruletka_projekt\Lab_JiPP_2\Debug\link.read.1.tlog
C:\Users\7\Documents\Visual Studio 2012\Project\Ruletka_projekt\Lab_JiPP_2\Debug\link.write.1.tlog
C:\Users\7\Documents\Visual Studio 2012\Project\Ruletka_projekt\Lab_JiPP_2\Debug\vc110.idb
C:\Users\7\Documents\Visual Studio 2012\Project\Ruletka_projekt\Lab_JiPP_2\Debug\vc110.pdb
C:\Users\7\Documents\Visual Studio 2012\Project\Ruletka_projekt\Debug\Lab_JiPP_2.pdb
C:\Users\7\Documents\Visual Studio 2012\Project\Ruletka_projekt\Debug\Lab_JiPP_2.exe
C:\Users\7\Documents\Visual Studio 2012\Project\Ruletka_projekt\Debug\Lab_JiPP_2.ilk
